<?xml version="1.0" encoding="UTF-8"?>
<!-- Generated by org.testng.reporters.JUnitXMLReporter -->
<testsuite hostname="DESKTOP-IC0JENF" ignored="6" name="Test run 1" tests="7" failures="0" timestamp="2021-06-14T14:25:32 IST" time="12.07" errors="0">
  <testcase name="loginAsmanagerTest" time="0.359" classname="com.personal.testcases.AddCustomerTest"/>
  <testcase name="addMultipleCustomerTest" time="0.408" classname="com.personal.testcases.AddCustomerTest"/>
  <testcase name="addMultipleCustomerTest" time="0.308" classname="com.personal.testcases.AddCustomerTest"/>
  <testcase name="addMultipleCustomerTest" time="0.316" classname="com.personal.testcases.AddCustomerTest"/>
  <testcase name="openAccountMethod" time="1.071" classname="com.personal.testcases.OpenAccountTest"/>
  <testcase name="openAccountMethod" time="1.287" classname="com.personal.testcases.OpenAccountTest"/>
  <testcase name="customerLoginMethod" time="1.456" classname="com.personal.testcases.CustomerLoginTest"/>
  <testcase name="@AfterTest tearDown" time="0.0" classname="com.personal.base.BaseClass">
    <ignored/>
  </testcase> <!-- @AfterTest tearDown -->
  <testcase name="@AfterTest tearDown" time="0.0" classname="com.personal.base.BaseClass">
    <ignored/>
  </testcase> <!-- @AfterTest tearDown -->
  <testcase name="@AfterTest tearDown" time="0.0" classname="com.personal.base.BaseClass">
    <ignored/>
  </testcase> <!-- @AfterTest tearDown -->
  <testcase name="@BeforeTest setUp" time="0.0" classname="com.personal.base.BaseClass">
    <ignored/>
  </testcase> <!-- @BeforeTest setUp -->
  <testcase name="@BeforeTest setUp" time="0.0" classname="com.personal.base.BaseClass">
    <ignored/>
  </testcase> <!-- @BeforeTest setUp -->
  <testcase name="@BeforeTest setUp" time="0.0" classname="com.personal.base.BaseClass">
    <ignored/>
  </testcase> <!-- @BeforeTest setUp -->
</testsuite> <!-- Test run 1 -->
