<?xml version="1.0" encoding="UTF-8"?>
<!-- Generated by org.testng.reporters.JUnitXMLReporter -->
<testsuite hostname="DESKTOP-IC0JENF" ignored="4" name="Test run 1" tests="6" failures="0" timestamp="2021-06-12T23:02:48 IST" time="8.639" errors="0">
  <testcase name="loginAsmanagerTest" time="0.507" classname="com.personal.testcases.AddCustomerTest"/>
  <testcase name="addMultipleCustomerTest" time="0.854" classname="com.personal.testcases.AddCustomerTest"/>
  <testcase name="addMultipleCustomerTest" time="0.434" classname="com.personal.testcases.AddCustomerTest"/>
  <testcase name="addMultipleCustomerTest" time="0.457" classname="com.personal.testcases.AddCustomerTest"/>
  <testcase name="openAccountMethod" time="0.914" classname="com.personal.testcases.OpenAccountTest"/>
  <testcase name="openAccountMethod" time="0.469" classname="com.personal.testcases.OpenAccountTest"/>
  <testcase name="@AfterTest tearDown" time="0.0" classname="com.personal.base.BaseClass">
    <ignored/>
  </testcase> <!-- @AfterTest tearDown -->
  <testcase name="@AfterTest tearDown" time="0.0" classname="com.personal.base.BaseClass">
    <ignored/>
  </testcase> <!-- @AfterTest tearDown -->
  <testcase name="@BeforeTest setUp" time="0.0" classname="com.personal.base.BaseClass">
    <ignored/>
  </testcase> <!-- @BeforeTest setUp -->
  <testcase name="@BeforeTest setUp" time="0.0" classname="com.personal.base.BaseClass">
    <ignored/>
  </testcase> <!-- @BeforeTest setUp -->
</testsuite> <!-- Test run 1 -->
