2021-Jun-13 10:58:21 AM [main] INFO  com.personal.base.BaseClass - FIREFOX browser opened 'http://www.way2automation.com/angularjs-protractor/banking/#/login' website successfully
2021-Jun-13 10:58:21 AM [main] DEBUG com.personal.base.BaseClass - Implicit wait set to - 4seconds   &  pageload timeout set to - 8seconds
2021-Jun-13 10:58:21 AM [main] DEBUG com.personal.base.BaseClass - window maximized
2021-Jun-13 10:58:21 AM [main] INFO  com.personal.base.BaseClass -  
 
 
 << EXECUTION OF loginAsmanagerTest HAS BEGUN >> 
2021-Jun-13 10:58:21 AM [main] INFO  com.personal.base.BaseClass - description of testcase:- BANK MANAGER LOGIN - login as bank manager and checking availability of ADD CUSTOMER TAB on screen
2021-Jun-13 10:58:21 AM [main] ERROR com.personal.base.BaseClass - VERIFY :- 'Protractor practice website - Banking App' is INCORRECT TITLE. Actual Title is :- 
2021-Jun-13 10:58:22 AM [main] DEBUG com.personal.base.BaseClass - elementToBeClickable timeout for locator(bankManagerLoginbtnLocator) set to 5 seconds. locator(bankManagerLoginbtnLocator) clicked successfully
2021-Jun-13 10:58:22 AM [main] DEBUG com.personal.base.BaseClass - locator(AddCustomerTabLocator) clicked successfully
2021-Jun-13 10:58:22 AM [main] INFO  com.personal.base.BaseClass - loginAsmanagerTest HAS PASSED
2021-Jun-13 10:58:23 AM [main] INFO  com.personal.base.BaseClass -  
 
 
 << EXECUTION OF addMultipleCustomerTest HAS BEGUN >> 
2021-Jun-13 10:58:23 AM [main] INFO  com.personal.base.BaseClass - description of testcase:- BANK MANAGER LOGIN > ADD CUSTOMER TAB - adding multiple customers
2021-Jun-13 10:58:23 AM [main] DEBUG com.personal.base.BaseClass - elementToBeClickable timeout for locator(firstNameLocator) set to 4 seconds. locator(firstNameLocator) filled with value 'Shiv' successfully
2021-Jun-13 10:58:23 AM [main] DEBUG com.personal.base.BaseClass - locator(lastNameLocator) filled with value 'Sahil' successfully
2021-Jun-13 10:58:23 AM [main] DEBUG com.personal.base.BaseClass - locator(pincodeLocator) filled with value '160014' successfully
2021-Jun-13 10:58:23 AM [main] DEBUG com.personal.base.BaseClass - locator(addCustomerBtnLocator) clicked successfully
2021-Jun-13 10:58:23 AM [main] ERROR com.personal.base.BaseClass -  user provided wrong action [1111111111] for alert(String action).
 Following conditions are acceptable :- 
 	 1.accept 
 	 2.dismiss 
 	 3.getText
2021-Jun-13 10:58:23 AM [main] ERROR com.personal.base.BaseClass - addMultipleCustomerTest HAS FAILED 
2021-Jun-13 10:58:24 AM [main] DEBUG com.personal.base.BaseClass - Screenshot(13_June_10_AM_58_23_970ADDMULTIPLECUSTOMERTEST.png) of addMultipleCustomerTest method taken successfully
2021-Jun-13 10:58:24 AM [main] DEBUG com.personal.base.BaseClass - Screenshot of addMultipleCustomerTest method successfully attached to report 
2021-Jun-13 10:58:24 AM [main] INFO  com.personal.base.BaseClass -  
 
 
 << EXECUTION OF addMultipleCustomerTest HAS BEGUN >> 
2021-Jun-13 10:58:24 AM [main] INFO  com.personal.base.BaseClass - description of testcase:- BANK MANAGER LOGIN > ADD CUSTOMER TAB - adding multiple customers
2021-Jun-13 10:58:24 AM [main] DEBUG com.personal.base.BaseClass - elementToBeClickable timeout for locator(firstNameLocator) set to 4 seconds. locator(firstNameLocator) filled with value 'Sahil' successfully
2021-Jun-13 10:58:24 AM [main] DEBUG com.personal.base.BaseClass - locator(lastNameLocator) filled with value 'Guleri' successfully
2021-Jun-13 10:58:24 AM [main] DEBUG com.personal.base.BaseClass - locator(pincodeLocator) filled with value '3967' successfully
2021-Jun-13 10:58:24 AM [main] DEBUG com.personal.base.BaseClass - locator(addCustomerBtnLocator) clicked successfully
2021-Jun-13 10:58:24 AM [main] ERROR com.personal.base.BaseClass -  user provided wrong action [1111111111] for alert(String action).
 Following conditions are acceptable :- 
 	 1.accept 
 	 2.dismiss 
 	 3.getText
2021-Jun-13 10:58:24 AM [main] ERROR com.personal.base.BaseClass - addMultipleCustomerTest HAS FAILED 
2021-Jun-13 10:58:24 AM [main] DEBUG com.personal.base.BaseClass - Screenshot(13_June_10_AM_58_24_295ADDMULTIPLECUSTOMERTEST.png) of addMultipleCustomerTest method taken successfully
2021-Jun-13 10:58:24 AM [main] DEBUG com.personal.base.BaseClass - Screenshot of addMultipleCustomerTest method successfully attached to report 
2021-Jun-13 10:58:24 AM [main] INFO  com.personal.base.BaseClass -  
 
 
 << EXECUTION OF addMultipleCustomerTest HAS BEGUN >> 
2021-Jun-13 10:58:24 AM [main] INFO  com.personal.base.BaseClass - description of testcase:- BANK MANAGER LOGIN > ADD CUSTOMER TAB - adding multiple customers
2021-Jun-13 10:58:24 AM [main] DEBUG com.personal.base.BaseClass - elementToBeClickable timeout for locator(firstNameLocator) set to 4 seconds. locator(firstNameLocator) filled with value 'No' successfully
2021-Jun-13 10:58:24 AM [main] DEBUG com.personal.base.BaseClass - locator(lastNameLocator) filled with value 'Cust' successfully
2021-Jun-13 10:58:24 AM [main] DEBUG com.personal.base.BaseClass - locator(pincodeLocator) filled with value '1332' successfully
2021-Jun-13 10:58:24 AM [main] DEBUG com.personal.base.BaseClass - locator(addCustomerBtnLocator) clicked successfully
2021-Jun-13 10:58:24 AM [main] ERROR com.personal.base.BaseClass -  user provided wrong action [1111111111] for alert(String action).
 Following conditions are acceptable :- 
 	 1.accept 
 	 2.dismiss 
 	 3.getText
2021-Jun-13 10:58:24 AM [main] ERROR com.personal.base.BaseClass - addMultipleCustomerTest HAS FAILED 
2021-Jun-13 10:58:24 AM [main] DEBUG com.personal.base.BaseClass - Screenshot(13_June_10_AM_58_24_577ADDMULTIPLECUSTOMERTEST.png) of addMultipleCustomerTest method taken successfully
2021-Jun-13 10:58:24 AM [main] DEBUG com.personal.base.BaseClass - Screenshot of addMultipleCustomerTest method successfully attached to report 
2021-Jun-13 10:58:24 AM [main] INFO  com.personal.base.BaseClass -  
 
 
 << EXECUTION OF openAccountMethod HAS BEGUN >> 
2021-Jun-13 10:58:24 AM [main] INFO  com.personal.base.BaseClass - description of testcase:- BANK MANAGER LOGIN > OPEN CUSTOMER TAB - opening multiple customers account
2021-Jun-13 10:58:24 AM [main] ERROR com.personal.base.BaseClass - openAccountMethod HAS SKIPPED BECAUSE IT'S DEPENDENCY '[openAccountMethodPrerequisites]' HAS FAILED
2021-Jun-13 10:58:24 AM [main] ERROR com.personal.base.BaseClass - openAccountMethod HAS SKIPPED BECAUSE IT'S DEPENDENCY '[openAccountMethodPrerequisites]' HAS FAILED
2021-Jun-13 10:58:24 AM [main] INFO  com.personal.base.BaseClass -  
 
 
 << EXECUTION OF customerLoginMethod HAS BEGUN >> 
2021-Jun-13 10:58:24 AM [main] INFO  com.personal.base.BaseClass - description of testcase:- CUSTOMER LOGIN - login as customer
2021-Jun-13 10:58:24 AM [main] ERROR com.personal.base.BaseClass - customerLoginMethod HAS SKIPPED BECAUSE IT'S DEPENDENCY '[CustomerLoginMethodPrerequisites]' HAS FAILED
2021-Jun-13 10:58:25 AM [main] INFO  com.personal.base.BaseClass - FIREFOX BROWSER CLOSED
2021-Jun-13 10:58:25 AM [main] DEBUG com.personal.base.BaseClass -  
 
 ------------------------------------------------------------------------------------------------- 
 

