2021-Jun-14 13:52:14 PM [main] INFO  com.personal.base.BaseClass - FIREFOX browser opened 'http://www.way2automation.com/angularjs-protractor/banking/#/login' website successfully
2021-Jun-14 13:52:14 PM [main] DEBUG com.personal.base.BaseClass - Implicit wait set to - 4seconds   &  pageload timeout set to - 8seconds
2021-Jun-14 13:52:14 PM [main] DEBUG com.personal.base.BaseClass - window maximized
2021-Jun-14 13:52:14 PM [main] INFO  com.personal.base.BaseClass -  
 
 
 << EXECUTION OF loginAsmanagerTest HAS BEGUN >> 
2021-Jun-14 13:52:14 PM [main] INFO  com.personal.base.BaseClass - description of testcase:- BANK MANAGER LOGIN - login as bank manager and checking availability of ADD CUSTOMER TAB on screen
2021-Jun-14 13:52:15 PM [main] DEBUG com.personal.base.BaseClass - elementToBeClickable timeout for locator(bankManagerLoginbtnLocator) set to 5 seconds. locator(bankManagerLoginbtnLocator) clicked successfully
2021-Jun-14 13:52:15 PM [main] DEBUG com.personal.base.BaseClass - elementToBeClickable timeout for locator(AddCustomerTabLocator) set to 4 seconds. locator(AddCustomerTabLocator) clicked successfully
2021-Jun-14 13:52:15 PM [main] ERROR com.personal.base.BaseClass - ASSERT :- '11111111111' is INCORRECT TITLE. Actual Title is :- Protractor practice website - Banking App
2021-Jun-14 13:52:15 PM [main] ERROR com.personal.base.BaseClass - loginAsmanagerTest HAS FAILED 
2021-Jun-14 13:52:15 PM [main] DEBUG com.personal.base.BaseClass - Screenshot(14_June_01_PM_52_15_435LOGINASMANAGERTEST.png) of loginAsmanagerTest method taken successfully
2021-Jun-14 13:52:15 PM [main] DEBUG com.personal.base.BaseClass - Screenshot of loginAsmanagerTest method successfully attached to report 
2021-Jun-14 13:52:15 PM [main] INFO  com.personal.base.BaseClass -  
 
 
 << EXECUTION OF addMultipleCustomerTest HAS BEGUN >> 
2021-Jun-14 13:52:15 PM [main] INFO  com.personal.base.BaseClass - description of testcase:- BANK MANAGER LOGIN > ADD CUSTOMER TAB - adding multiple customers
2021-Jun-14 13:52:15 PM [main] ERROR com.personal.base.BaseClass - addMultipleCustomerTest HAS SKIPPED BECAUSE IT'S DEPENDENCY '[com.personal.testcases.AddCustomerTest.loginAsmanagerTest]' HAS FAILED
2021-Jun-14 13:52:15 PM [main] INFO  com.personal.base.BaseClass -  
 
 
 << EXECUTION OF openAccountMethod HAS BEGUN >> 
2021-Jun-14 13:52:15 PM [main] INFO  com.personal.base.BaseClass - description of testcase:- BANK MANAGER LOGIN > OPEN CUSTOMER TAB - opening multiple customers account
2021-Jun-14 13:52:15 PM [main] ERROR com.personal.base.BaseClass - openAccountMethod HAS SKIPPED BECAUSE IT'S DEPENDENCY '[openAccountMethodPrerequisites]' HAS FAILED
2021-Jun-14 13:52:15 PM [main] INFO  com.personal.base.BaseClass -  
 
 
 << EXECUTION OF customerLoginMethod HAS BEGUN >> 
2021-Jun-14 13:52:15 PM [main] INFO  com.personal.base.BaseClass - description of testcase:- CUSTOMER LOGIN - login as customer
2021-Jun-14 13:52:15 PM [main] ERROR com.personal.base.BaseClass - customerLoginMethod HAS SKIPPED BECAUSE IT'S DEPENDENCY '[CustomerLoginMethodPrerequisites]' HAS FAILED
2021-Jun-14 13:52:16 PM [main] INFO  com.personal.base.BaseClass - FIREFOX BROWSER CLOSED
2021-Jun-14 13:52:16 PM [main] DEBUG com.personal.base.BaseClass -  
 
 ------------------------------------------------------------------------------------------------- 
 

